[2025-01-28 13:26:11 +0000] [57632] [INFO] Starting gunicorn 21.2.0
[2025-01-28 13:26:11 +0000] [57632] [INFO] Listening at: http://0.0.0.0:8000 (57632)
[2025-01-28 13:26:11 +0000] [57632] [INFO] Using worker: sync
[2025-01-28 13:26:11 +0000] [57633] [INFO] Booting worker with pid: 57633
[2025-01-28 13:26:11 +0000] [57634] [INFO] Booting worker with pid: 57634
[2025-01-28 13:26:11 +0000] [57635] [INFO] Booting worker with pid: 57635
Internal Server Error: /
Traceback (most recent call last):
  File "/root/venv/lib/python3.12/site-packages/django/core/handlers/exception.py", line 55, in inner
    response = get_response(request)
               ^^^^^^^^^^^^^^^^^^^^^
  File "/root/venv/lib/python3.12/site-packages/django/core/handlers/base.py", line 197, in _get_response
    response = wrapped_callback(request, *callback_args, **callback_kwargs)
               ^^^^^^^^^^^^^^^^^^^^^^^^^^^^^^^^^^^^^^^^^^^^^^^^^^^^^^^^^^^^
  File "/root/myproject/apps/dashboard/html.py", line 6, in index
    return render(request, 'pages/starter.html')
           ^^^^^^^^^^^^^^^^^^^^^^^^^^^^^^^^^^^^^
  File "/root/venv/lib/python3.12/site-packages/django/shortcuts.py", line 25, in render
    content = loader.render_to_string(template_name, context, request, using=using)
              ^^^^^^^^^^^^^^^^^^^^^^^^^^^^^^^^^^^^^^^^^^^^^^^^^^^^^^^^^^^^^^^^^^^^^
  File "/root/venv/lib/python3.12/site-packages/django/template/loader.py", line 62, in render_to_string
    return template.render(context, request)
           ^^^^^^^^^^^^^^^^^^^^^^^^^^^^^^^^^
  File "/root/venv/lib/python3.12/site-packages/django/template/backends/django.py", line 107, in render
    return self.template.render(context)
           ^^^^^^^^^^^^^^^^^^^^^^^^^^^^^
  File "/root/venv/lib/python3.12/site-packages/django/template/base.py", line 171, in render
    return self._render(context)
           ^^^^^^^^^^^^^^^^^^^^^
  File "/root/venv/lib/python3.12/site-packages/django/template/base.py", line 163, in _render
    return self.nodelist.render(context)
           ^^^^^^^^^^^^^^^^^^^^^^^^^^^^^
  File "/root/venv/lib/python3.12/site-packages/django/template/base.py", line 1008, in render
    return SafeString("".join([node.render_annotated(context) for node in self]))
                               ^^^^^^^^^^^^^^^^^^^^^^^^^^^^^^
  File "/root/venv/lib/python3.12/site-packages/django/template/base.py", line 969, in render_annotated
    return self.render(context)
           ^^^^^^^^^^^^^^^^^^^^
  File "/root/venv/lib/python3.12/site-packages/compressor/templatetags/compress.py", line 160, in render
    return self.render_compressed(
           ^^^^^^^^^^^^^^^^^^^^^^^
  File "/root/venv/lib/python3.12/site-packages/compressor/templatetags/compress.py", line 106, in render_compressed
    return self.render_offline(context)
           ^^^^^^^^^^^^^^^^^^^^^^^^^^^^
  File "/root/venv/lib/python3.12/site-packages/compressor/templatetags/compress.py", line 84, in render_offline
    raise OfflineGenerationError(
compressor.exceptions.OfflineGenerationError: You have offline compression enabled but key "2cc0b67deeae3959bb7bbca91db336404787e5514c3f1fbb74a896eff4edd19d" is missing from offline manifest. You may need to run "python manage.py compress". Here is the original content:


    <style>
        @keyframes float {
            0% { transform: translateY(0px); }
            50% { transform: translateY(-20px); }
            100% { transform: translateY(0px); }
        }

        .animate-float {
            animation: float 6s ease-in-out infinite;
        }
        @keyframes pulse {
            0% { transform: scale(1); }
            50% { transform: scale(1.05); }
            100% { transform: scale(1); }
        }

        @keyframes slideIn {
            from {
                opacity: 0;
                transform: translateX(-50px);
            }
            to {
                opacity: 1;
                transform: translateX(0);
            }
        }

        @keyframes fadeInUp {
            from {
                opacity: 0;
                transform: translateY(20px);
            }
            to {
                opacity: 1;
                transform: translateY(0);
            }
        }

        .animate-float {
            animation: float 6s ease-in-out infinite;
        }

        .animate-pulse-slow {
            animation: pulse 3s ease-in-out infinite;
        }

        .animate-slide-in {
            animation: slideIn 0.6s ease-out forwards;
        }

        .animate-fade-in-up {
            animation: fadeInUp 0.6s ease-out forwards;
        }

        .scroll-smooth {
            scroll-behavior: smooth;
        }

        body {
            font-family: 'Poppins', sans-serif;
        }

        /* Hover Effects */
        .feature-card {
            transition: all 0.3s ease;
        }

        .feature-card:hover {
            transform: translateY(-10px);
            box-shadow: 0 20px 25px -5px rgba(0, 0, 0, 0.1), 0 10px 10px -5px rgba(0, 0, 0, 0.04);
        }

        .pricing-card {
            transition: all 0.3s ease;
        }

        .pricing-card:hover {
            transform: translateY(-10px) scale(1.02);
        }

        /* Gradient Animations */
        .gradient-bg {
            background: linear-gradient(-45deg, #4ade80, #60a5fa, #fbbf24);
            background-size: 400% 400%;
            animation: gradient 15s ease infinite;
        }

        @keyframes gradient {
            0% {
                background-position: 0% 50%;
            }
            50% {
                background-position: 100% 50%;
            }
            100% {
                background-position: 0% 50%;
            }
        }

        /* Modal Styles */
        .modal {
            display: none;
            position: fixed;
            top: 0;
            left: 0;
            width: 100%;
            height: 100%;
            background-color: rgba(0, 0, 0, 0.8);
            z-index: 1000;
            opacity: 0;
            transition: opacity 0.3s ease;
        }

        .modal.show {
            opacity: 1;
        }

        .modal-content {
            position: absolute;
            top: 50%;
            left: 50%;
            transform: translate(-50%, -50%) scale(0.8);
            max-width: 90%;
            max-height: 90%;
            transition: transform 0.3s ease;
        }

        .modal.show .modal-content {
            transform: translate(-50%, -50%) scale(1);
        }
    </style>
    
127.0.0.1 - - [28/Jan/2025:13:27:56 +0000] "GET / HTTP/1.0" 500 145093 "android-app://com.google.android.googlequicksearchbox/" "Mozilla/5.0 (Linux; Android 10; K) AppleWebKit/537.36 (KHTML, like Gecko) Chrome/131.0.0.0 Mobile Safari/537.36"
127.0.0.1 - - [28/Jan/2025:13:29:18 +0000] "GET / HTTP/1.0" 200 27670 "android-app://com.google.android.googlequicksearchbox/" "Mozilla/5.0 (Linux; Android 10; K) AppleWebKit/537.36 (KHTML, like Gecko) Chrome/131.0.0.0 Mobile Safari/537.36"
127.0.0.1 - - [28/Jan/2025:13:29:26 +0000] "GET / HTTP/1.0" 200 27670 "android-app://com.google.android.googlequicksearchbox/" "Mozilla/5.0 (Linux; Android 10; K) AppleWebKit/537.36 (KHTML, like Gecko) Chrome/131.0.0.0 Mobile Safari/537.36"
127.0.0.1 - - [28/Jan/2025:13:29:42 +0000] "GET /dashboard/ HTTP/1.0" 200 65557 "https://avicosoft.com/" "Mozilla/5.0 (Linux; Android 10; K) AppleWebKit/537.36 (KHTML, like Gecko) Chrome/131.0.0.0 Mobile Safari/537.36"
/root/venv/lib/python3.12/site-packages/django/db/models/fields/__init__.py:1606: RuntimeWarning: DateTimeField Order.created_at received a naive datetime (2025-01-01 00:00:00) while time zone support is active.
  warnings.warn(
/root/venv/lib/python3.12/site-packages/django/db/models/fields/__init__.py:1606: RuntimeWarning: DateTimeField Order.created_at received a naive datetime (2025-01-31 00:00:00) while time zone support is active.
  warnings.warn(
127.0.0.1 - - [28/Jan/2025:13:29:50 +0000] "GET /management/batch-statistics/ HTTP/1.0" 200 1418 "https://avicosoft.com/dashboard/" "Mozilla/5.0 (Linux; Android 10; K) AppleWebKit/537.36 (KHTML, like Gecko) Chrome/131.0.0.0 Mobile Safari/537.36"
Internal Server Error: /
Traceback (most recent call last):
  File "/root/venv/lib/python3.12/site-packages/django/core/handlers/exception.py", line 55, in inner
    response = get_response(request)
               ^^^^^^^^^^^^^^^^^^^^^
  File "/root/venv/lib/python3.12/site-packages/django/core/handlers/base.py", line 197, in _get_response
    response = wrapped_callback(request, *callback_args, **callback_kwargs)
               ^^^^^^^^^^^^^^^^^^^^^^^^^^^^^^^^^^^^^^^^^^^^^^^^^^^^^^^^^^^^
  File "/root/myproject/apps/dashboard/html.py", line 6, in index
    return render(request, 'pages/starter.html')
           ^^^^^^^^^^^^^^^^^^^^^^^^^^^^^^^^^^^^^
  File "/root/venv/lib/python3.12/site-packages/django/shortcuts.py", line 25, in render
    content = loader.render_to_string(template_name, context, request, using=using)
              ^^^^^^^^^^^^^^^^^^^^^^^^^^^^^^^^^^^^^^^^^^^^^^^^^^^^^^^^^^^^^^^^^^^^^
  File "/root/venv/lib/python3.12/site-packages/django/template/loader.py", line 62, in render_to_string
    return template.render(context, request)
           ^^^^^^^^^^^^^^^^^^^^^^^^^^^^^^^^^
  File "/root/venv/lib/python3.12/site-packages/django/template/backends/django.py", line 107, in render
    return self.template.render(context)
           ^^^^^^^^^^^^^^^^^^^^^^^^^^^^^
  File "/root/venv/lib/python3.12/site-packages/django/template/base.py", line 171, in render
    return self._render(context)
           ^^^^^^^^^^^^^^^^^^^^^
  File "/root/venv/lib/python3.12/site-packages/django/template/base.py", line 163, in _render
    return self.nodelist.render(context)
           ^^^^^^^^^^^^^^^^^^^^^^^^^^^^^
  File "/root/venv/lib/python3.12/site-packages/django/template/base.py", line 1008, in render
    return SafeString("".join([node.render_annotated(context) for node in self]))
                               ^^^^^^^^^^^^^^^^^^^^^^^^^^^^^^
  File "/root/venv/lib/python3.12/site-packages/django/template/base.py", line 969, in render_annotated
    return self.render(context)
           ^^^^^^^^^^^^^^^^^^^^
  File "/root/venv/lib/python3.12/site-packages/compressor/templatetags/compress.py", line 160, in render
    return self.render_compressed(
           ^^^^^^^^^^^^^^^^^^^^^^^
  File "/root/venv/lib/python3.12/site-packages/compressor/templatetags/compress.py", line 106, in render_compressed
    return self.render_offline(context)
           ^^^^^^^^^^^^^^^^^^^^^^^^^^^^
  File "/root/venv/lib/python3.12/site-packages/compressor/templatetags/compress.py", line 84, in render_offline
    raise OfflineGenerationError(
compressor.exceptions.OfflineGenerationError: You have offline compression enabled but key "2cc0b67deeae3959bb7bbca91db336404787e5514c3f1fbb74a896eff4edd19d" is missing from offline manifest. You may need to run "python manage.py compress". Here is the original content:


    <style>
        @keyframes float {
            0% { transform: translateY(0px); }
            50% { transform: translateY(-20px); }
            100% { transform: translateY(0px); }
        }

        .animate-float {
            animation: float 6s ease-in-out infinite;
        }
        @keyframes pulse {
            0% { transform: scale(1); }
            50% { transform: scale(1.05); }
            100% { transform: scale(1); }
        }

        @keyframes slideIn {
            from {
                opacity: 0;
                transform: translateX(-50px);
            }
            to {
                opacity: 1;
                transform: translateX(0);
            }
        }

        @keyframes fadeInUp {
            from {
                opacity: 0;
                transform: translateY(20px);
            }
            to {
                opacity: 1;
                transform: translateY(0);
            }
        }

        .animate-float {
            animation: float 6s ease-in-out infinite;
        }

        .animate-pulse-slow {
            animation: pulse 3s ease-in-out infinite;
        }

        .animate-slide-in {
            animation: slideIn 0.6s ease-out forwards;
        }

        .animate-fade-in-up {
            animation: fadeInUp 0.6s ease-out forwards;
        }

        .scroll-smooth {
            scroll-behavior: smooth;
        }

        body {
            font-family: 'Poppins', sans-serif;
        }

        /* Hover Effects */
        .feature-card {
            transition: all 0.3s ease;
        }

        .feature-card:hover {
            transform: translateY(-10px);
            box-shadow: 0 20px 25px -5px rgba(0, 0, 0, 0.1), 0 10px 10px -5px rgba(0, 0, 0, 0.04);
        }

        .pricing-card {
            transition: all 0.3s ease;
        }

        .pricing-card:hover {
            transform: translateY(-10px) scale(1.02);
        }

        /* Gradient Animations */
        .gradient-bg {
            background: linear-gradient(-45deg, #4ade80, #60a5fa, #fbbf24);
            background-size: 400% 400%;
            animation: gradient 15s ease infinite;
        }

        @keyframes gradient {
            0% {
                background-position: 0% 50%;
            }
            50% {
                background-position: 100% 50%;
            }
            100% {
                background-position: 0% 50%;
            }
        }

        /* Modal Styles */
        .modal {
            display: none;
            position: fixed;
            top: 0;
            left: 0;
            width: 100%;
            height: 100%;
            background-color: rgba(0, 0, 0, 0.8);
            z-index: 1000;
            opacity: 0;
            transition: opacity 0.3s ease;
        }

        .modal.show {
            opacity: 1;
        }

        .modal-content {
            position: absolute;
            top: 50%;
            left: 50%;
            transform: translate(-50%, -50%) scale(0.8);
            max-width: 90%;
            max-height: 90%;
            transition: transform 0.3s ease;
        }

        .modal.show .modal-content {
            transform: translate(-50%, -50%) scale(1);
        }
    </style>
    
127.0.0.1 - - [28/Jan/2025:13:31:42 +0000] "GET / HTTP/1.0" 500 145093 "android-app://com.google.android.googlequicksearchbox/" "Mozilla/5.0 (Linux; Android 10; K) AppleWebKit/537.36 (KHTML, like Gecko) Chrome/131.0.0.0 Mobile Safari/537.36"
127.0.0.1 - - [28/Jan/2025:13:31:47 +0000] "GET / HTTP/1.0" 200 27670 "android-app://com.google.android.googlequicksearchbox/" "Mozilla/5.0 (Linux; Android 10; K) AppleWebKit/537.36 (KHTML, like Gecko) Chrome/131.0.0.0 Mobile Safari/537.36"
127.0.0.1 - - [28/Jan/2025:13:31:50 +0000] "GET / HTTP/1.0" 200 27670 "android-app://com.google.android.googlequicksearchbox/" "Mozilla/5.0 (Linux; Android 10; K) AppleWebKit/537.36 (KHTML, like Gecko) Chrome/131.0.0.0 Mobile Safari/537.36"
127.0.0.1 - - [28/Jan/2025:13:32:02 +0000] "GET /dashboard/ HTTP/1.0" 200 65557 "https://avicosoft.com/" "Mozilla/5.0 (Linux; Android 10; K) AppleWebKit/537.36 (KHTML, like Gecko) Chrome/131.0.0.0 Mobile Safari/537.36"
127.0.0.1 - - [28/Jan/2025:13:32:11 +0000] "GET /management/batch-statistics/ HTTP/1.0" 200 1418 "https://avicosoft.com/dashboard/" "Mozilla/5.0 (Linux; Android 10; K) AppleWebKit/537.36 (KHTML, like Gecko) Chrome/131.0.0.0 Mobile Safari/537.36"
Not Found: /wp-admin/setup-config.php
127.0.0.1 - - [28/Jan/2025:13:40:46 +0000] "GET /wp-admin/setup-config.php HTTP/1.0" 404 10668 "-" "Mozilla/5.0 (Windows NT 10.0; Win64; x64) AppleWebKit/537.36 (KHTML, like Gecko) Chrome/131.0.0.0 Safari/537.36"
Not Found: /wordpress/wp-admin/setup-config.php
127.0.0.1 - - [28/Jan/2025:13:41:50 +0000] "GET /wordpress/wp-admin/setup-config.php HTTP/1.0" 404 10698 "-" "Mozilla/5.0 (Windows NT 10.0; Win64; x64) AppleWebKit/537.36 (KHTML, like Gecko) Chrome/131.0.0.0 Safari/537.36"
Not Found: /wordpress/wp-admin/setup-config.php
127.0.0.1 - - [28/Jan/2025:13:42:41 +0000] "GET /wordpress/wp-admin/setup-config.php HTTP/1.0" 404 10698 "-" "Mozilla/5.0 (Windows NT 10.0; Win64; x64) AppleWebKit/537.36 (KHTML, like Gecko) Chrome/131.0.0.0 Safari/537.36"
Not Found: /wp-admin/setup-config.php
127.0.0.1 - - [28/Jan/2025:13:42:59 +0000] "GET /wp-admin/setup-config.php HTTP/1.0" 404 10668 "-" "Mozilla/5.0 (Windows NT 10.0; Win64; x64) AppleWebKit/537.36 (KHTML, like Gecko) Chrome/131.0.0.0 Safari/537.36"
Not Found: /wordpress/wp-admin/setup-config.php
127.0.0.1 - - [28/Jan/2025:14:03:05 +0000] "GET /wordpress/wp-admin/setup-config.php HTTP/1.0" 404 10698 "-" "Mozilla/5.0 (Windows NT 10.0; Win64; x64) AppleWebKit/537.36 (KHTML, like Gecko) Chrome/131.0.0.0 Safari/537.36"
Not Found: /wp-admin/setup-config.php
127.0.0.1 - - [28/Jan/2025:14:03:28 +0000] "GET /wp-admin/setup-config.php HTTP/1.0" 404 10668 "-" "Mozilla/5.0 (Windows NT 10.0; Win64; x64) AppleWebKit/537.36 (KHTML, like Gecko) Chrome/131.0.0.0 Safari/537.36"
Not Found: /wp-admin/setup-config.php
127.0.0.1 - - [28/Jan/2025:14:05:13 +0000] "GET /wp-admin/setup-config.php HTTP/1.0" 404 10668 "-" "Mozilla/5.0 (Windows NT 10.0; Win64; x64) AppleWebKit/537.36 (KHTML, like Gecko) Chrome/131.0.0.0 Safari/537.36"
Not Found: /wordpress/wp-admin/setup-config.php
127.0.0.1 - - [28/Jan/2025:14:05:29 +0000] "GET /wordpress/wp-admin/setup-config.php HTTP/1.0" 404 10698 "-" "Mozilla/5.0 (Windows NT 10.0; Win64; x64) AppleWebKit/537.36 (KHTML, like Gecko) Chrome/131.0.0.0 Safari/537.36"
Internal Server Error: /
Traceback (most recent call last):
  File "/root/venv/lib/python3.12/site-packages/django/core/handlers/exception.py", line 55, in inner
    response = get_response(request)
               ^^^^^^^^^^^^^^^^^^^^^
  File "/root/venv/lib/python3.12/site-packages/django/core/handlers/base.py", line 197, in _get_response
    response = wrapped_callback(request, *callback_args, **callback_kwargs)
               ^^^^^^^^^^^^^^^^^^^^^^^^^^^^^^^^^^^^^^^^^^^^^^^^^^^^^^^^^^^^
  File "/root/myproject/apps/dashboard/html.py", line 6, in index
    return render(request, 'pages/starter.html')
           ^^^^^^^^^^^^^^^^^^^^^^^^^^^^^^^^^^^^^
  File "/root/venv/lib/python3.12/site-packages/django/shortcuts.py", line 25, in render
    content = loader.render_to_string(template_name, context, request, using=using)
              ^^^^^^^^^^^^^^^^^^^^^^^^^^^^^^^^^^^^^^^^^^^^^^^^^^^^^^^^^^^^^^^^^^^^^
  File "/root/venv/lib/python3.12/site-packages/django/template/loader.py", line 62, in render_to_string
    return template.render(context, request)
           ^^^^^^^^^^^^^^^^^^^^^^^^^^^^^^^^^
  File "/root/venv/lib/python3.12/site-packages/django/template/backends/django.py", line 107, in render
    return self.template.render(context)
           ^^^^^^^^^^^^^^^^^^^^^^^^^^^^^
  File "/root/venv/lib/python3.12/site-packages/django/template/base.py", line 171, in render
    return self._render(context)
           ^^^^^^^^^^^^^^^^^^^^^
  File "/root/venv/lib/python3.12/site-packages/django/template/base.py", line 163, in _render
    return self.nodelist.render(context)
           ^^^^^^^^^^^^^^^^^^^^^^^^^^^^^
  File "/root/venv/lib/python3.12/site-packages/django/template/base.py", line 1008, in render
    return SafeString("".join([node.render_annotated(context) for node in self]))
                               ^^^^^^^^^^^^^^^^^^^^^^^^^^^^^^
  File "/root/venv/lib/python3.12/site-packages/django/template/base.py", line 969, in render_annotated
    return self.render(context)
           ^^^^^^^^^^^^^^^^^^^^
  File "/root/venv/lib/python3.12/site-packages/compressor/templatetags/compress.py", line 160, in render
    return self.render_compressed(
           ^^^^^^^^^^^^^^^^^^^^^^^
  File "/root/venv/lib/python3.12/site-packages/compressor/templatetags/compress.py", line 106, in render_compressed
    return self.render_offline(context)
           ^^^^^^^^^^^^^^^^^^^^^^^^^^^^
  File "/root/venv/lib/python3.12/site-packages/compressor/templatetags/compress.py", line 84, in render_offline
    raise OfflineGenerationError(
compressor.exceptions.OfflineGenerationError: You have offline compression enabled but key "2cc0b67deeae3959bb7bbca91db336404787e5514c3f1fbb74a896eff4edd19d" is missing from offline manifest. You may need to run "python manage.py compress". Here is the original content:


    <style>
        @keyframes float {
            0% { transform: translateY(0px); }
            50% { transform: translateY(-20px); }
            100% { transform: translateY(0px); }
        }

        .animate-float {
            animation: float 6s ease-in-out infinite;
        }
        @keyframes pulse {
            0% { transform: scale(1); }
            50% { transform: scale(1.05); }
            100% { transform: scale(1); }
        }

        @keyframes slideIn {
            from {
                opacity: 0;
                transform: translateX(-50px);
            }
            to {
                opacity: 1;
                transform: translateX(0);
            }
        }

        @keyframes fadeInUp {
            from {
                opacity: 0;
                transform: translateY(20px);
            }
            to {
                opacity: 1;
                transform: translateY(0);
            }
        }

        .animate-float {
            animation: float 6s ease-in-out infinite;
        }

        .animate-pulse-slow {
            animation: pulse 3s ease-in-out infinite;
        }

        .animate-slide-in {
            animation: slideIn 0.6s ease-out forwards;
        }

        .animate-fade-in-up {
            animation: fadeInUp 0.6s ease-out forwards;
        }

        .scroll-smooth {
            scroll-behavior: smooth;
        }

        body {
            font-family: 'Poppins', sans-serif;
        }

        /* Hover Effects */
        .feature-card {
            transition: all 0.3s ease;
        }

        .feature-card:hover {
            transform: translateY(-10px);
            box-shadow: 0 20px 25px -5px rgba(0, 0, 0, 0.1), 0 10px 10px -5px rgba(0, 0, 0, 0.04);
        }

        .pricing-card {
            transition: all 0.3s ease;
        }

        .pricing-card:hover {
            transform: translateY(-10px) scale(1.02);
        }

        /* Gradient Animations */
        .gradient-bg {
            background: linear-gradient(-45deg, #4ade80, #60a5fa, #fbbf24);
            background-size: 400% 400%;
            animation: gradient 15s ease infinite;
        }

        @keyframes gradient {
            0% {
                background-position: 0% 50%;
            }
            50% {
                background-position: 100% 50%;
            }
            100% {
                background-position: 0% 50%;
            }
        }

        /* Modal Styles */
        .modal {
            display: none;
            position: fixed;
            top: 0;
            left: 0;
            width: 100%;
            height: 100%;
            background-color: rgba(0, 0, 0, 0.8);
            z-index: 1000;
            opacity: 0;
            transition: opacity 0.3s ease;
        }

        .modal.show {
            opacity: 1;
        }

        .modal-content {
            position: absolute;
            top: 50%;
            left: 50%;
            transform: translate(-50%, -50%) scale(0.8);
            max-width: 90%;
            max-height: 90%;
            transition: transform 0.3s ease;
        }

        .modal.show .modal-content {
            transform: translate(-50%, -50%) scale(1);
        }
    </style>
    
127.0.0.1 - - [28/Jan/2025:14:10:05 +0000] "GET / HTTP/1.0" 500 144445 "-" "Mozilla/5.0 (Windows NT 10.0; Win64; x64) AppleWebKit/537.36 (KHTML, like Gecko) Chrome/133.0.0.0 Safari/537.36 Edg/133.0.0.0"
Not Found: /favicon.ico
127.0.0.1 - - [28/Jan/2025:14:10:07 +0000] "GET /favicon.ico HTTP/1.0" 404 10626 "https://avicosoft.com/" "Mozilla/5.0 (Windows NT 10.0; Win64; x64) AppleWebKit/537.36 (KHTML, like Gecko) Chrome/133.0.0.0 Safari/537.36 Edg/133.0.0.0"
Internal Server Error: /
Traceback (most recent call last):
  File "/root/venv/lib/python3.12/site-packages/django/core/handlers/exception.py", line 55, in inner
    response = get_response(request)
               ^^^^^^^^^^^^^^^^^^^^^
  File "/root/venv/lib/python3.12/site-packages/django/core/handlers/base.py", line 197, in _get_response
    response = wrapped_callback(request, *callback_args, **callback_kwargs)
               ^^^^^^^^^^^^^^^^^^^^^^^^^^^^^^^^^^^^^^^^^^^^^^^^^^^^^^^^^^^^
  File "/root/myproject/apps/dashboard/html.py", line 6, in index
    return render(request, 'pages/starter.html')
           ^^^^^^^^^^^^^^^^^^^^^^^^^^^^^^^^^^^^^
  File "/root/venv/lib/python3.12/site-packages/django/shortcuts.py", line 25, in render
    content = loader.render_to_string(template_name, context, request, using=using)
              ^^^^^^^^^^^^^^^^^^^^^^^^^^^^^^^^^^^^^^^^^^^^^^^^^^^^^^^^^^^^^^^^^^^^^
  File "/root/venv/lib/python3.12/site-packages/django/template/loader.py", line 62, in render_to_string
    return template.render(context, request)
           ^^^^^^^^^^^^^^^^^^^^^^^^^^^^^^^^^
  File "/root/venv/lib/python3.12/site-packages/django/template/backends/django.py", line 107, in render
    return self.template.render(context)
           ^^^^^^^^^^^^^^^^^^^^^^^^^^^^^
  File "/root/venv/lib/python3.12/site-packages/django/template/base.py", line 171, in render
    return self._render(context)
           ^^^^^^^^^^^^^^^^^^^^^
  File "/root/venv/lib/python3.12/site-packages/django/template/base.py", line 163, in _render
    return self.nodelist.render(context)
           ^^^^^^^^^^^^^^^^^^^^^^^^^^^^^
  File "/root/venv/lib/python3.12/site-packages/django/template/base.py", line 1008, in render
    return SafeString("".join([node.render_annotated(context) for node in self]))
                               ^^^^^^^^^^^^^^^^^^^^^^^^^^^^^^
  File "/root/venv/lib/python3.12/site-packages/django/template/base.py", line 969, in render_annotated
    return self.render(context)
           ^^^^^^^^^^^^^^^^^^^^
  File "/root/venv/lib/python3.12/site-packages/compressor/templatetags/compress.py", line 160, in render
    return self.render_compressed(
           ^^^^^^^^^^^^^^^^^^^^^^^
  File "/root/venv/lib/python3.12/site-packages/compressor/templatetags/compress.py", line 106, in render_compressed
    return self.render_offline(context)
           ^^^^^^^^^^^^^^^^^^^^^^^^^^^^
  File "/root/venv/lib/python3.12/site-packages/compressor/templatetags/compress.py", line 84, in render_offline
    raise OfflineGenerationError(
compressor.exceptions.OfflineGenerationError: You have offline compression enabled but key "2cc0b67deeae3959bb7bbca91db336404787e5514c3f1fbb74a896eff4edd19d" is missing from offline manifest. You may need to run "python manage.py compress". Here is the original content:


    <style>
        @keyframes float {
            0% { transform: translateY(0px); }
            50% { transform: translateY(-20px); }
            100% { transform: translateY(0px); }
        }

        .animate-float {
            animation: float 6s ease-in-out infinite;
        }
        @keyframes pulse {
            0% { transform: scale(1); }
            50% { transform: scale(1.05); }
            100% { transform: scale(1); }
        }

        @keyframes slideIn {
            from {
                opacity: 0;
                transform: translateX(-50px);
            }
            to {
                opacity: 1;
                transform: translateX(0);
            }
        }

        @keyframes fadeInUp {
            from {
                opacity: 0;
                transform: translateY(20px);
            }
            to {
                opacity: 1;
                transform: translateY(0);
            }
        }

        .animate-float {
            animation: float 6s ease-in-out infinite;
        }

        .animate-pulse-slow {
            animation: pulse 3s ease-in-out infinite;
        }

        .animate-slide-in {
            animation: slideIn 0.6s ease-out forwards;
        }

        .animate-fade-in-up {
            animation: fadeInUp 0.6s ease-out forwards;
        }

        .scroll-smooth {
            scroll-behavior: smooth;
        }

        body {
            font-family: 'Poppins', sans-serif;
        }

        /* Hover Effects */
        .feature-card {
            transition: all 0.3s ease;
        }

        .feature-card:hover {
            transform: translateY(-10px);
            box-shadow: 0 20px 25px -5px rgba(0, 0, 0, 0.1), 0 10px 10px -5px rgba(0, 0, 0, 0.04);
        }

        .pricing-card {
            transition: all 0.3s ease;
        }

        .pricing-card:hover {
            transform: translateY(-10px) scale(1.02);
        }

        /* Gradient Animations */
        .gradient-bg {
            background: linear-gradient(-45deg, #4ade80, #60a5fa, #fbbf24);
            background-size: 400% 400%;
            animation: gradient 15s ease infinite;
        }

        @keyframes gradient {
            0% {
                background-position: 0% 50%;
            }
            50% {
                background-position: 100% 50%;
            }
            100% {
                background-position: 0% 50%;
            }
        }

        /* Modal Styles */
        .modal {
            display: none;
            position: fixed;
            top: 0;
            left: 0;
            width: 100%;
            height: 100%;
            background-color: rgba(0, 0, 0, 0.8);
            z-index: 1000;
            opacity: 0;
            transition: opacity 0.3s ease;
        }

        .modal.show {
            opacity: 1;
        }

        .modal-content {
            position: absolute;
            top: 50%;
            left: 50%;
            transform: translate(-50%, -50%) scale(0.8);
            max-width: 90%;
            max-height: 90%;
            transition: transform 0.3s ease;
        }

        .modal.show .modal-content {
            transform: translate(-50%, -50%) scale(1);
        }
    </style>
    
127.0.0.1 - - [28/Jan/2025:14:10:16 +0000] "GET / HTTP/1.0" 500 144445 "-" "Mozilla/5.0 (Windows NT 10.0; Win64; x64) AppleWebKit/537.36 (KHTML, like Gecko) Chrome/133.0.0.0 Safari/537.36 Edg/133.0.0.0"
127.0.0.1 - - [28/Jan/2025:14:10:20 +0000] "GET / HTTP/1.0" 200 27670 "-" "Mozilla/5.0 (Windows NT 10.0; Win64; x64) AppleWebKit/537.36 (KHTML, like Gecko) Chrome/133.0.0.0 Safari/537.36 Edg/133.0.0.0"
Internal Server Error: /
Traceback (most recent call last):
  File "/root/venv/lib/python3.12/site-packages/django/core/handlers/exception.py", line 55, in inner
    response = get_response(request)
               ^^^^^^^^^^^^^^^^^^^^^
  File "/root/venv/lib/python3.12/site-packages/django/core/handlers/base.py", line 197, in _get_response
    response = wrapped_callback(request, *callback_args, **callback_kwargs)
               ^^^^^^^^^^^^^^^^^^^^^^^^^^^^^^^^^^^^^^^^^^^^^^^^^^^^^^^^^^^^
  File "/root/myproject/apps/dashboard/html.py", line 6, in index
    return render(request, 'pages/starter.html')
           ^^^^^^^^^^^^^^^^^^^^^^^^^^^^^^^^^^^^^
  File "/root/venv/lib/python3.12/site-packages/django/shortcuts.py", line 25, in render
    content = loader.render_to_string(template_name, context, request, using=using)
              ^^^^^^^^^^^^^^^^^^^^^^^^^^^^^^^^^^^^^^^^^^^^^^^^^^^^^^^^^^^^^^^^^^^^^
  File "/root/venv/lib/python3.12/site-packages/django/template/loader.py", line 62, in render_to_string
    return template.render(context, request)
           ^^^^^^^^^^^^^^^^^^^^^^^^^^^^^^^^^
  File "/root/venv/lib/python3.12/site-packages/django/template/backends/django.py", line 107, in render
    return self.template.render(context)
           ^^^^^^^^^^^^^^^^^^^^^^^^^^^^^
  File "/root/venv/lib/python3.12/site-packages/django/template/base.py", line 171, in render
    return self._render(context)
           ^^^^^^^^^^^^^^^^^^^^^
  File "/root/venv/lib/python3.12/site-packages/django/template/base.py", line 163, in _render
    return self.nodelist.render(context)
           ^^^^^^^^^^^^^^^^^^^^^^^^^^^^^
  File "/root/venv/lib/python3.12/site-packages/django/template/base.py", line 1008, in render
    return SafeString("".join([node.render_annotated(context) for node in self]))
                               ^^^^^^^^^^^^^^^^^^^^^^^^^^^^^^
  File "/root/venv/lib/python3.12/site-packages/django/template/base.py", line 969, in render_annotated
    return self.render(context)
           ^^^^^^^^^^^^^^^^^^^^
  File "/root/venv/lib/python3.12/site-packages/compressor/templatetags/compress.py", line 160, in render
    return self.render_compressed(
           ^^^^^^^^^^^^^^^^^^^^^^^
  File "/root/venv/lib/python3.12/site-packages/compressor/templatetags/compress.py", line 106, in render_compressed
    return self.render_offline(context)
           ^^^^^^^^^^^^^^^^^^^^^^^^^^^^
  File "/root/venv/lib/python3.12/site-packages/compressor/templatetags/compress.py", line 84, in render_offline
    raise OfflineGenerationError(
compressor.exceptions.OfflineGenerationError: You have offline compression enabled but key "2cc0b67deeae3959bb7bbca91db336404787e5514c3f1fbb74a896eff4edd19d" is missing from offline manifest. You may need to run "python manage.py compress". Here is the original content:


    <style>
        @keyframes float {
            0% { transform: translateY(0px); }
            50% { transform: translateY(-20px); }
            100% { transform: translateY(0px); }
        }

        .animate-float {
            animation: float 6s ease-in-out infinite;
        }
        @keyframes pulse {
            0% { transform: scale(1); }
            50% { transform: scale(1.05); }
            100% { transform: scale(1); }
        }

        @keyframes slideIn {
            from {
                opacity: 0;
                transform: translateX(-50px);
            }
            to {
                opacity: 1;
                transform: translateX(0);
            }
        }

        @keyframes fadeInUp {
            from {
                opacity: 0;
                transform: translateY(20px);
            }
            to {
                opacity: 1;
                transform: translateY(0);
            }
        }

        .animate-float {
            animation: float 6s ease-in-out infinite;
        }

        .animate-pulse-slow {
            animation: pulse 3s ease-in-out infinite;
        }

        .animate-slide-in {
            animation: slideIn 0.6s ease-out forwards;
        }

        .animate-fade-in-up {
            animation: fadeInUp 0.6s ease-out forwards;
        }

        .scroll-smooth {
            scroll-behavior: smooth;
        }

        body {
            font-family: 'Poppins', sans-serif;
        }

        /* Hover Effects */
        .feature-card {
            transition: all 0.3s ease;
        }

        .feature-card:hover {
            transform: translateY(-10px);
            box-shadow: 0 20px 25px -5px rgba(0, 0, 0, 0.1), 0 10px 10px -5px rgba(0, 0, 0, 0.04);
        }

        .pricing-card {
            transition: all 0.3s ease;
        }

        .pricing-card:hover {
            transform: translateY(-10px) scale(1.02);
        }

        /* Gradient Animations */
        .gradient-bg {
            background: linear-gradient(-45deg, #4ade80, #60a5fa, #fbbf24);
            background-size: 400% 400%;
            animation: gradient 15s ease infinite;
        }

        @keyframes gradient {
            0% {
                background-position: 0% 50%;
            }
            50% {
                background-position: 100% 50%;
            }
            100% {
                background-position: 0% 50%;
            }
        }

        /* Modal Styles */
        .modal {
            display: none;
            position: fixed;
            top: 0;
            left: 0;
            width: 100%;
            height: 100%;
            background-color: rgba(0, 0, 0, 0.8);
            z-index: 1000;
            opacity: 0;
            transition: opacity 0.3s ease;
        }

        .modal.show {
            opacity: 1;
        }

        .modal-content {
            position: absolute;
            top: 50%;
            left: 50%;
            transform: translate(-50%, -50%) scale(0.8);
            max-width: 90%;
            max-height: 90%;
            transition: transform 0.3s ease;
        }

        .modal.show .modal-content {
            transform: translate(-50%, -50%) scale(1);
        }
    </style>
    
127.0.0.1 - - [28/Jan/2025:14:10:27 +0000] "GET / HTTP/1.0" 500 144445 "-" "Mozilla/5.0 (Windows NT 10.0; Win64; x64) AppleWebKit/537.36 (KHTML, like Gecko) Chrome/133.0.0.0 Safari/537.36 Edg/133.0.0.0"
Internal Server Error: /
Traceback (most recent call last):
  File "/root/venv/lib/python3.12/site-packages/django/core/handlers/exception.py", line 55, in inner
    response = get_response(request)
               ^^^^^^^^^^^^^^^^^^^^^
  File "/root/venv/lib/python3.12/site-packages/django/core/handlers/base.py", line 197, in _get_response
    response = wrapped_callback(request, *callback_args, **callback_kwargs)
               ^^^^^^^^^^^^^^^^^^^^^^^^^^^^^^^^^^^^^^^^^^^^^^^^^^^^^^^^^^^^
  File "/root/myproject/apps/dashboard/html.py", line 6, in index
    return render(request, 'pages/starter.html')
           ^^^^^^^^^^^^^^^^^^^^^^^^^^^^^^^^^^^^^
  File "/root/venv/lib/python3.12/site-packages/django/shortcuts.py", line 25, in render
    content = loader.render_to_string(template_name, context, request, using=using)
              ^^^^^^^^^^^^^^^^^^^^^^^^^^^^^^^^^^^^^^^^^^^^^^^^^^^^^^^^^^^^^^^^^^^^^
  File "/root/venv/lib/python3.12/site-packages/django/template/loader.py", line 62, in render_to_string
    return template.render(context, request)
           ^^^^^^^^^^^^^^^^^^^^^^^^^^^^^^^^^
  File "/root/venv/lib/python3.12/site-packages/django/template/backends/django.py", line 107, in render
    return self.template.render(context)
           ^^^^^^^^^^^^^^^^^^^^^^^^^^^^^
  File "/root/venv/lib/python3.12/site-packages/django/template/base.py", line 171, in render
    return self._render(context)
           ^^^^^^^^^^^^^^^^^^^^^
  File "/root/venv/lib/python3.12/site-packages/django/template/base.py", line 163, in _render
    return self.nodelist.render(context)
           ^^^^^^^^^^^^^^^^^^^^^^^^^^^^^
  File "/root/venv/lib/python3.12/site-packages/django/template/base.py", line 1008, in render
    return SafeString("".join([node.render_annotated(context) for node in self]))
                               ^^^^^^^^^^^^^^^^^^^^^^^^^^^^^^
  File "/root/venv/lib/python3.12/site-packages/django/template/base.py", line 969, in render_annotated
    return self.render(context)
           ^^^^^^^^^^^^^^^^^^^^
  File "/root/venv/lib/python3.12/site-packages/compressor/templatetags/compress.py", line 160, in render
    return self.render_compressed(
           ^^^^^^^^^^^^^^^^^^^^^^^
  File "/root/venv/lib/python3.12/site-packages/compressor/templatetags/compress.py", line 106, in render_compressed
    return self.render_offline(context)
           ^^^^^^^^^^^^^^^^^^^^^^^^^^^^
  File "/root/venv/lib/python3.12/site-packages/compressor/templatetags/compress.py", line 84, in render_offline
    raise OfflineGenerationError(
compressor.exceptions.OfflineGenerationError: You have offline compression enabled but key "2cc0b67deeae3959bb7bbca91db336404787e5514c3f1fbb74a896eff4edd19d" is missing from offline manifest. You may need to run "python manage.py compress". Here is the original content:


    <style>
        @keyframes float {
            0% { transform: translateY(0px); }
            50% { transform: translateY(-20px); }
            100% { transform: translateY(0px); }
        }

        .animate-float {
            animation: float 6s ease-in-out infinite;
        }
        @keyframes pulse {
            0% { transform: scale(1); }
            50% { transform: scale(1.05); }
            100% { transform: scale(1); }
        }

        @keyframes slideIn {
            from {
                opacity: 0;
                transform: translateX(-50px);
            }
            to {
                opacity: 1;
                transform: translateX(0);
            }
        }

        @keyframes fadeInUp {
            from {
                opacity: 0;
                transform: translateY(20px);
            }
            to {
                opacity: 1;
                transform: translateY(0);
            }
        }

        .animate-float {
            animation: float 6s ease-in-out infinite;
        }

        .animate-pulse-slow {
            animation: pulse 3s ease-in-out infinite;
        }

        .animate-slide-in {
            animation: slideIn 0.6s ease-out forwards;
        }

        .animate-fade-in-up {
            animation: fadeInUp 0.6s ease-out forwards;
        }

        .scroll-smooth {
            scroll-behavior: smooth;
        }

        body {
            font-family: 'Poppins', sans-serif;
        }

        /* Hover Effects */
        .feature-card {
            transition: all 0.3s ease;
        }

        .feature-card:hover {
            transform: translateY(-10px);
            box-shadow: 0 20px 25px -5px rgba(0, 0, 0, 0.1), 0 10px 10px -5px rgba(0, 0, 0, 0.04);
        }

        .pricing-card {
            transition: all 0.3s ease;
        }

        .pricing-card:hover {
            transform: translateY(-10px) scale(1.02);
        }

        /* Gradient Animations */
        .gradient-bg {
            background: linear-gradient(-45deg, #4ade80, #60a5fa, #fbbf24);
            background-size: 400% 400%;
            animation: gradient 15s ease infinite;
        }

        @keyframes gradient {
            0% {
                background-position: 0% 50%;
            }
            50% {
                background-position: 100% 50%;
            }
            100% {
                background-position: 0% 50%;
            }
        }

        /* Modal Styles */
        .modal {
            display: none;
            position: fixed;
            top: 0;
            left: 0;
            width: 100%;
            height: 100%;
            background-color: rgba(0, 0, 0, 0.8);
            z-index: 1000;
            opacity: 0;
            transition: opacity 0.3s ease;
        }

        .modal.show {
            opacity: 1;
        }

        .modal-content {
            position: absolute;
            top: 50%;
            left: 50%;
            transform: translate(-50%, -50%) scale(0.8);
            max-width: 90%;
            max-height: 90%;
            transition: transform 0.3s ease;
        }

        .modal.show .modal-content {
            transform: translate(-50%, -50%) scale(1);
        }
    </style>
    
127.0.0.1 - - [28/Jan/2025:14:10:32 +0000] "GET / HTTP/1.0" 500 144445 "-" "Mozilla/5.0 (Windows NT 10.0; Win64; x64) AppleWebKit/537.36 (KHTML, like Gecko) Chrome/133.0.0.0 Safari/537.36 Edg/133.0.0.0"
Internal Server Error: /
Traceback (most recent call last):
  File "/root/venv/lib/python3.12/site-packages/django/core/handlers/exception.py", line 55, in inner
    response = get_response(request)
               ^^^^^^^^^^^^^^^^^^^^^
  File "/root/venv/lib/python3.12/site-packages/django/core/handlers/base.py", line 197, in _get_response
    response = wrapped_callback(request, *callback_args, **callback_kwargs)
               ^^^^^^^^^^^^^^^^^^^^^^^^^^^^^^^^^^^^^^^^^^^^^^^^^^^^^^^^^^^^
  File "/root/myproject/apps/dashboard/html.py", line 6, in index
    return render(request, 'pages/starter.html')
           ^^^^^^^^^^^^^^^^^^^^^^^^^^^^^^^^^^^^^
  File "/root/venv/lib/python3.12/site-packages/django/shortcuts.py", line 25, in render
    content = loader.render_to_string(template_name, context, request, using=using)
              ^^^^^^^^^^^^^^^^^^^^^^^^^^^^^^^^^^^^^^^^^^^^^^^^^^^^^^^^^^^^^^^^^^^^^
  File "/root/venv/lib/python3.12/site-packages/django/template/loader.py", line 62, in render_to_string
    return template.render(context, request)
           ^^^^^^^^^^^^^^^^^^^^^^^^^^^^^^^^^
  File "/root/venv/lib/python3.12/site-packages/django/template/backends/django.py", line 107, in render
    return self.template.render(context)
           ^^^^^^^^^^^^^^^^^^^^^^^^^^^^^
  File "/root/venv/lib/python3.12/site-packages/django/template/base.py", line 171, in render
    return self._render(context)
           ^^^^^^^^^^^^^^^^^^^^^
  File "/root/venv/lib/python3.12/site-packages/django/template/base.py", line 163, in _render
    return self.nodelist.render(context)
           ^^^^^^^^^^^^^^^^^^^^^^^^^^^^^
  File "/root/venv/lib/python3.12/site-packages/django/template/base.py", line 1008, in render
    return SafeString("".join([node.render_annotated(context) for node in self]))
                               ^^^^^^^^^^^^^^^^^^^^^^^^^^^^^^
  File "/root/venv/lib/python3.12/site-packages/django/template/base.py", line 969, in render_annotated
    return self.render(context)
           ^^^^^^^^^^^^^^^^^^^^
  File "/root/venv/lib/python3.12/site-packages/compressor/templatetags/compress.py", line 160, in render
    return self.render_compressed(
           ^^^^^^^^^^^^^^^^^^^^^^^
  File "/root/venv/lib/python3.12/site-packages/compressor/templatetags/compress.py", line 106, in render_compressed
    return self.render_offline(context)
           ^^^^^^^^^^^^^^^^^^^^^^^^^^^^
  File "/root/venv/lib/python3.12/site-packages/compressor/templatetags/compress.py", line 84, in render_offline
    raise OfflineGenerationError(
compressor.exceptions.OfflineGenerationError: You have offline compression enabled but key "2cc0b67deeae3959bb7bbca91db336404787e5514c3f1fbb74a896eff4edd19d" is missing from offline manifest. You may need to run "python manage.py compress". Here is the original content:


    <style>
        @keyframes float {
            0% { transform: translateY(0px); }
            50% { transform: translateY(-20px); }
            100% { transform: translateY(0px); }
        }

        .animate-float {
            animation: float 6s ease-in-out infinite;
        }
        @keyframes pulse {
            0% { transform: scale(1); }
            50% { transform: scale(1.05); }
            100% { transform: scale(1); }
        }

        @keyframes slideIn {
            from {
                opacity: 0;
                transform: translateX(-50px);
            }
            to {
                opacity: 1;
                transform: translateX(0);
            }
        }

        @keyframes fadeInUp {
            from {
                opacity: 0;
                transform: translateY(20px);
            }
            to {
                opacity: 1;
                transform: translateY(0);
            }
        }

        .animate-float {
            animation: float 6s ease-in-out infinite;
        }

        .animate-pulse-slow {
            animation: pulse 3s ease-in-out infinite;
        }

        .animate-slide-in {
            animation: slideIn 0.6s ease-out forwards;
        }

        .animate-fade-in-up {
            animation: fadeInUp 0.6s ease-out forwards;
        }

        .scroll-smooth {
            scroll-behavior: smooth;
        }

        body {
            font-family: 'Poppins', sans-serif;
        }

        /* Hover Effects */
        .feature-card {
            transition: all 0.3s ease;
        }

        .feature-card:hover {
            transform: translateY(-10px);
            box-shadow: 0 20px 25px -5px rgba(0, 0, 0, 0.1), 0 10px 10px -5px rgba(0, 0, 0, 0.04);
        }

        .pricing-card {
            transition: all 0.3s ease;
        }

        .pricing-card:hover {
            transform: translateY(-10px) scale(1.02);
        }

        /* Gradient Animations */
        .gradient-bg {
            background: linear-gradient(-45deg, #4ade80, #60a5fa, #fbbf24);
            background-size: 400% 400%;
            animation: gradient 15s ease infinite;
        }

        @keyframes gradient {
            0% {
                background-position: 0% 50%;
            }
            50% {
                background-position: 100% 50%;
            }
            100% {
                background-position: 0% 50%;
            }
        }

        /* Modal Styles */
        .modal {
            display: none;
            position: fixed;
            top: 0;
            left: 0;
            width: 100%;
            height: 100%;
            background-color: rgba(0, 0, 0, 0.8);
            z-index: 1000;
            opacity: 0;
            transition: opacity 0.3s ease;
        }

        .modal.show {
            opacity: 1;
        }

        .modal-content {
            position: absolute;
            top: 50%;
            left: 50%;
            transform: translate(-50%, -50%) scale(0.8);
            max-width: 90%;
            max-height: 90%;
            transition: transform 0.3s ease;
        }

        .modal.show .modal-content {
            transform: translate(-50%, -50%) scale(1);
        }
    </style>
    
127.0.0.1 - - [28/Jan/2025:14:10:44 +0000] "GET / HTTP/1.0" 500 144445 "-" "Mozilla/5.0 (Windows NT 10.0; Win64; x64) AppleWebKit/537.36 (KHTML, like Gecko) Chrome/133.0.0.0 Safari/537.36 Edg/133.0.0.0"
Internal Server Error: /
Traceback (most recent call last):
  File "/root/venv/lib/python3.12/site-packages/django/core/handlers/exception.py", line 55, in inner
    response = get_response(request)
               ^^^^^^^^^^^^^^^^^^^^^
  File "/root/venv/lib/python3.12/site-packages/django/core/handlers/base.py", line 197, in _get_response
    response = wrapped_callback(request, *callback_args, **callback_kwargs)
               ^^^^^^^^^^^^^^^^^^^^^^^^^^^^^^^^^^^^^^^^^^^^^^^^^^^^^^^^^^^^
  File "/root/myproject/apps/dashboard/html.py", line 6, in index
    return render(request, 'pages/starter.html')
           ^^^^^^^^^^^^^^^^^^^^^^^^^^^^^^^^^^^^^
  File "/root/venv/lib/python3.12/site-packages/django/shortcuts.py", line 25, in render
    content = loader.render_to_string(template_name, context, request, using=using)
              ^^^^^^^^^^^^^^^^^^^^^^^^^^^^^^^^^^^^^^^^^^^^^^^^^^^^^^^^^^^^^^^^^^^^^
  File "/root/venv/lib/python3.12/site-packages/django/template/loader.py", line 62, in render_to_string
    return template.render(context, request)
           ^^^^^^^^^^^^^^^^^^^^^^^^^^^^^^^^^
  File "/root/venv/lib/python3.12/site-packages/django/template/backends/django.py", line 107, in render
    return self.template.render(context)
           ^^^^^^^^^^^^^^^^^^^^^^^^^^^^^
  File "/root/venv/lib/python3.12/site-packages/django/template/base.py", line 171, in render
    return self._render(context)
           ^^^^^^^^^^^^^^^^^^^^^
  File "/root/venv/lib/python3.12/site-packages/django/template/base.py", line 163, in _render
    return self.nodelist.render(context)
           ^^^^^^^^^^^^^^^^^^^^^^^^^^^^^
  File "/root/venv/lib/python3.12/site-packages/django/template/base.py", line 1008, in render
    return SafeString("".join([node.render_annotated(context) for node in self]))
                               ^^^^^^^^^^^^^^^^^^^^^^^^^^^^^^
  File "/root/venv/lib/python3.12/site-packages/django/template/base.py", line 969, in render_annotated
    return self.render(context)
           ^^^^^^^^^^^^^^^^^^^^
  File "/root/venv/lib/python3.12/site-packages/compressor/templatetags/compress.py", line 160, in render
    return self.render_compressed(
           ^^^^^^^^^^^^^^^^^^^^^^^
  File "/root/venv/lib/python3.12/site-packages/compressor/templatetags/compress.py", line 106, in render_compressed
    return self.render_offline(context)
           ^^^^^^^^^^^^^^^^^^^^^^^^^^^^
  File "/root/venv/lib/python3.12/site-packages/compressor/templatetags/compress.py", line 84, in render_offline
    raise OfflineGenerationError(
compressor.exceptions.OfflineGenerationError: You have offline compression enabled but key "2cc0b67deeae3959bb7bbca91db336404787e5514c3f1fbb74a896eff4edd19d" is missing from offline manifest. You may need to run "python manage.py compress". Here is the original content:


    <style>
        @keyframes float {
            0% { transform: translateY(0px); }
            50% { transform: translateY(-20px); }
            100% { transform: translateY(0px); }
        }

        .animate-float {
            animation: float 6s ease-in-out infinite;
        }
        @keyframes pulse {
            0% { transform: scale(1); }
            50% { transform: scale(1.05); }
            100% { transform: scale(1); }
        }

        @keyframes slideIn {
            from {
                opacity: 0;
                transform: translateX(-50px);
            }
            to {
                opacity: 1;
                transform: translateX(0);
            }
        }

        @keyframes fadeInUp {
            from {
                opacity: 0;
                transform: translateY(20px);
            }
            to {
                opacity: 1;
                transform: translateY(0);
            }
        }

        .animate-float {
            animation: float 6s ease-in-out infinite;
        }

        .animate-pulse-slow {
            animation: pulse 3s ease-in-out infinite;
        }

        .animate-slide-in {
            animation: slideIn 0.6s ease-out forwards;
        }

        .animate-fade-in-up {
            animation: fadeInUp 0.6s ease-out forwards;
        }

        .scroll-smooth {
            scroll-behavior: smooth;
        }

        body {
            font-family: 'Poppins', sans-serif;
        }

        /* Hover Effects */
        .feature-card {
            transition: all 0.3s ease;
        }

        .feature-card:hover {
            transform: translateY(-10px);
            box-shadow: 0 20px 25px -5px rgba(0, 0, 0, 0.1), 0 10px 10px -5px rgba(0, 0, 0, 0.04);
        }

        .pricing-card {
            transition: all 0.3s ease;
        }

        .pricing-card:hover {
            transform: translateY(-10px) scale(1.02);
        }

        /* Gradient Animations */
        .gradient-bg {
            background: linear-gradient(-45deg, #4ade80, #60a5fa, #fbbf24);
            background-size: 400% 400%;
            animation: gradient 15s ease infinite;
        }

        @keyframes gradient {
            0% {
                background-position: 0% 50%;
            }
            50% {
                background-position: 100% 50%;
            }
            100% {
                background-position: 0% 50%;
            }
        }

        /* Modal Styles */
        .modal {
            display: none;
            position: fixed;
            top: 0;
            left: 0;
            width: 100%;
            height: 100%;
            background-color: rgba(0, 0, 0, 0.8);
            z-index: 1000;
            opacity: 0;
            transition: opacity 0.3s ease;
        }

        .modal.show {
            opacity: 1;
        }

        .modal-content {
            position: absolute;
            top: 50%;
            left: 50%;
            transform: translate(-50%, -50%) scale(0.8);
            max-width: 90%;
            max-height: 90%;
            transition: transform 0.3s ease;
        }

        .modal.show .modal-content {
            transform: translate(-50%, -50%) scale(1);
        }
    </style>
    
127.0.0.1 - - [28/Jan/2025:14:10:48 +0000] "GET / HTTP/1.0" 500 144445 "-" "Mozilla/5.0 (Windows NT 10.0; Win64; x64) AppleWebKit/537.36 (KHTML, like Gecko) Chrome/133.0.0.0 Safari/537.36 Edg/133.0.0.0"
127.0.0.1 - - [28/Jan/2025:14:10:51 +0000] "GET / HTTP/1.0" 200 27670 "-" "Mozilla/5.0 (Windows NT 10.0; Win64; x64) AppleWebKit/537.36 (KHTML, like Gecko) Chrome/133.0.0.0 Safari/537.36 Edg/133.0.0.0"
Internal Server Error: /
Traceback (most recent call last):
  File "/root/venv/lib/python3.12/site-packages/django/core/handlers/exception.py", line 55, in inner
    response = get_response(request)
               ^^^^^^^^^^^^^^^^^^^^^
  File "/root/venv/lib/python3.12/site-packages/django/core/handlers/base.py", line 197, in _get_response
    response = wrapped_callback(request, *callback_args, **callback_kwargs)
               ^^^^^^^^^^^^^^^^^^^^^^^^^^^^^^^^^^^^^^^^^^^^^^^^^^^^^^^^^^^^
  File "/root/myproject/apps/dashboard/html.py", line 6, in index
    return render(request, 'pages/starter.html')
           ^^^^^^^^^^^^^^^^^^^^^^^^^^^^^^^^^^^^^
  File "/root/venv/lib/python3.12/site-packages/django/shortcuts.py", line 25, in render
    content = loader.render_to_string(template_name, context, request, using=using)
              ^^^^^^^^^^^^^^^^^^^^^^^^^^^^^^^^^^^^^^^^^^^^^^^^^^^^^^^^^^^^^^^^^^^^^
  File "/root/venv/lib/python3.12/site-packages/django/template/loader.py", line 62, in render_to_string
    return template.render(context, request)
           ^^^^^^^^^^^^^^^^^^^^^^^^^^^^^^^^^
  File "/root/venv/lib/python3.12/site-packages/django/template/backends/django.py", line 107, in render
    return self.template.render(context)
           ^^^^^^^^^^^^^^^^^^^^^^^^^^^^^
  File "/root/venv/lib/python3.12/site-packages/django/template/base.py", line 171, in render
    return self._render(context)
           ^^^^^^^^^^^^^^^^^^^^^
  File "/root/venv/lib/python3.12/site-packages/django/template/base.py", line 163, in _render
    return self.nodelist.render(context)
           ^^^^^^^^^^^^^^^^^^^^^^^^^^^^^
  File "/root/venv/lib/python3.12/site-packages/django/template/base.py", line 1008, in render
    return SafeString("".join([node.render_annotated(context) for node in self]))
                               ^^^^^^^^^^^^^^^^^^^^^^^^^^^^^^
  File "/root/venv/lib/python3.12/site-packages/django/template/base.py", line 969, in render_annotated
    return self.render(context)
           ^^^^^^^^^^^^^^^^^^^^
  File "/root/venv/lib/python3.12/site-packages/compressor/templatetags/compress.py", line 160, in render
    return self.render_compressed(
           ^^^^^^^^^^^^^^^^^^^^^^^
  File "/root/venv/lib/python3.12/site-packages/compressor/templatetags/compress.py", line 106, in render_compressed
    return self.render_offline(context)
           ^^^^^^^^^^^^^^^^^^^^^^^^^^^^
  File "/root/venv/lib/python3.12/site-packages/compressor/templatetags/compress.py", line 84, in render_offline
    raise OfflineGenerationError(
compressor.exceptions.OfflineGenerationError: You have offline compression enabled but key "2cc0b67deeae3959bb7bbca91db336404787e5514c3f1fbb74a896eff4edd19d" is missing from offline manifest. You may need to run "python manage.py compress". Here is the original content:


    <style>
        @keyframes float {
            0% { transform: translateY(0px); }
            50% { transform: translateY(-20px); }
            100% { transform: translateY(0px); }
        }

        .animate-float {
            animation: float 6s ease-in-out infinite;
        }
        @keyframes pulse {
            0% { transform: scale(1); }
            50% { transform: scale(1.05); }
            100% { transform: scale(1); }
        }

        @keyframes slideIn {
            from {
                opacity: 0;
                transform: translateX(-50px);
            }
            to {
                opacity: 1;
                transform: translateX(0);
            }
        }

        @keyframes fadeInUp {
            from {
                opacity: 0;
                transform: translateY(20px);
            }
            to {
                opacity: 1;
                transform: translateY(0);
            }
        }

        .animate-float {
            animation: float 6s ease-in-out infinite;
        }

        .animate-pulse-slow {
            animation: pulse 3s ease-in-out infinite;
        }

        .animate-slide-in {
            animation: slideIn 0.6s ease-out forwards;
        }

        .animate-fade-in-up {
            animation: fadeInUp 0.6s ease-out forwards;
        }

        .scroll-smooth {
            scroll-behavior: smooth;
        }

        body {
            font-family: 'Poppins', sans-serif;
        }

        /* Hover Effects */
        .feature-card {
            transition: all 0.3s ease;
        }

        .feature-card:hover {
            transform: translateY(-10px);
            box-shadow: 0 20px 25px -5px rgba(0, 0, 0, 0.1), 0 10px 10px -5px rgba(0, 0, 0, 0.04);
        }

        .pricing-card {
            transition: all 0.3s ease;
        }

        .pricing-card:hover {
            transform: translateY(-10px) scale(1.02);
        }

        /* Gradient Animations */
        .gradient-bg {
            background: linear-gradient(-45deg, #4ade80, #60a5fa, #fbbf24);
            background-size: 400% 400%;
            animation: gradient 15s ease infinite;
        }

        @keyframes gradient {
            0% {
                background-position: 0% 50%;
            }
            50% {
                background-position: 100% 50%;
            }
            100% {
                background-position: 0% 50%;
            }
        }

        /* Modal Styles */
        .modal {
            display: none;
            position: fixed;
            top: 0;
            left: 0;
            width: 100%;
            height: 100%;
            background-color: rgba(0, 0, 0, 0.8);
            z-index: 1000;
            opacity: 0;
            transition: opacity 0.3s ease;
        }

        .modal.show {
            opacity: 1;
        }

        .modal-content {
            position: absolute;
            top: 50%;
            left: 50%;
            transform: translate(-50%, -50%) scale(0.8);
            max-width: 90%;
            max-height: 90%;
            transition: transform 0.3s ease;
        }

        .modal.show .modal-content {
            transform: translate(-50%, -50%) scale(1);
        }
    </style>
    
127.0.0.1 - - [28/Jan/2025:14:10:59 +0000] "GET / HTTP/1.0" 500 144445 "-" "Mozilla/5.0 (Windows NT 10.0; Win64; x64) AppleWebKit/537.36 (KHTML, like Gecko) Chrome/133.0.0.0 Safari/537.36 Edg/133.0.0.0"
Internal Server Error: /
Traceback (most recent call last):
  File "/root/venv/lib/python3.12/site-packages/django/core/handlers/exception.py", line 55, in inner
    response = get_response(request)
               ^^^^^^^^^^^^^^^^^^^^^
  File "/root/venv/lib/python3.12/site-packages/django/core/handlers/base.py", line 197, in _get_response
    response = wrapped_callback(request, *callback_args, **callback_kwargs)
               ^^^^^^^^^^^^^^^^^^^^^^^^^^^^^^^^^^^^^^^^^^^^^^^^^^^^^^^^^^^^
  File "/root/myproject/apps/dashboard/html.py", line 6, in index
    return render(request, 'pages/starter.html')
           ^^^^^^^^^^^^^^^^^^^^^^^^^^^^^^^^^^^^^
  File "/root/venv/lib/python3.12/site-packages/django/shortcuts.py", line 25, in render
    content = loader.render_to_string(template_name, context, request, using=using)
              ^^^^^^^^^^^^^^^^^^^^^^^^^^^^^^^^^^^^^^^^^^^^^^^^^^^^^^^^^^^^^^^^^^^^^
  File "/root/venv/lib/python3.12/site-packages/django/template/loader.py", line 62, in render_to_string
    return template.render(context, request)
           ^^^^^^^^^^^^^^^^^^^^^^^^^^^^^^^^^
  File "/root/venv/lib/python3.12/site-packages/django/template/backends/django.py", line 107, in render
    return self.template.render(context)
           ^^^^^^^^^^^^^^^^^^^^^^^^^^^^^
  File "/root/venv/lib/python3.12/site-packages/django/template/base.py", line 171, in render
    return self._render(context)
           ^^^^^^^^^^^^^^^^^^^^^
  File "/root/venv/lib/python3.12/site-packages/django/template/base.py", line 163, in _render
    return self.nodelist.render(context)
           ^^^^^^^^^^^^^^^^^^^^^^^^^^^^^
  File "/root/venv/lib/python3.12/site-packages/django/template/base.py", line 1008, in render
    return SafeString("".join([node.render_annotated(context) for node in self]))
                               ^^^^^^^^^^^^^^^^^^^^^^^^^^^^^^
  File "/root/venv/lib/python3.12/site-packages/django/template/base.py", line 969, in render_annotated
    return self.render(context)
           ^^^^^^^^^^^^^^^^^^^^
  File "/root/venv/lib/python3.12/site-packages/compressor/templatetags/compress.py", line 160, in render
    return self.render_compressed(
           ^^^^^^^^^^^^^^^^^^^^^^^
  File "/root/venv/lib/python3.12/site-packages/compressor/templatetags/compress.py", line 106, in render_compressed
    return self.render_offline(context)
           ^^^^^^^^^^^^^^^^^^^^^^^^^^^^
  File "/root/venv/lib/python3.12/site-packages/compressor/templatetags/compress.py", line 84, in render_offline
    raise OfflineGenerationError(
compressor.exceptions.OfflineGenerationError: You have offline compression enabled but key "2cc0b67deeae3959bb7bbca91db336404787e5514c3f1fbb74a896eff4edd19d" is missing from offline manifest. You may need to run "python manage.py compress". Here is the original content:


    <style>
        @keyframes float {
            0% { transform: translateY(0px); }
            50% { transform: translateY(-20px); }
            100% { transform: translateY(0px); }
        }

        .animate-float {
            animation: float 6s ease-in-out infinite;
        }
        @keyframes pulse {
            0% { transform: scale(1); }
            50% { transform: scale(1.05); }
            100% { transform: scale(1); }
        }

        @keyframes slideIn {
            from {
                opacity: 0;
                transform: translateX(-50px);
            }
            to {
                opacity: 1;
                transform: translateX(0);
            }
        }

        @keyframes fadeInUp {
            from {
                opacity: 0;
                transform: translateY(20px);
            }
            to {
                opacity: 1;
                transform: translateY(0);
            }
        }

        .animate-float {
            animation: float 6s ease-in-out infinite;
        }

        .animate-pulse-slow {
            animation: pulse 3s ease-in-out infinite;
        }

        .animate-slide-in {
            animation: slideIn 0.6s ease-out forwards;
        }

        .animate-fade-in-up {
            animation: fadeInUp 0.6s ease-out forwards;
        }

        .scroll-smooth {
            scroll-behavior: smooth;
        }

        body {
            font-family: 'Poppins', sans-serif;
        }

        /* Hover Effects */
        .feature-card {
            transition: all 0.3s ease;
        }

        .feature-card:hover {
            transform: translateY(-10px);
            box-shadow: 0 20px 25px -5px rgba(0, 0, 0, 0.1), 0 10px 10px -5px rgba(0, 0, 0, 0.04);
        }

        .pricing-card {
            transition: all 0.3s ease;
        }

        .pricing-card:hover {
            transform: translateY(-10px) scale(1.02);
        }

        /* Gradient Animations */
        .gradient-bg {
            background: linear-gradient(-45deg, #4ade80, #60a5fa, #fbbf24);
            background-size: 400% 400%;
            animation: gradient 15s ease infinite;
        }

        @keyframes gradient {
            0% {
                background-position: 0% 50%;
            }
            50% {
                background-position: 100% 50%;
            }
            100% {
                background-position: 0% 50%;
            }
        }

        /* Modal Styles */
        .modal {
            display: none;
            position: fixed;
            top: 0;
            left: 0;
            width: 100%;
            height: 100%;
            background-color: rgba(0, 0, 0, 0.8);
            z-index: 1000;
            opacity: 0;
            transition: opacity 0.3s ease;
        }

        .modal.show {
            opacity: 1;
        }

        .modal-content {
            position: absolute;
            top: 50%;
            left: 50%;
            transform: translate(-50%, -50%) scale(0.8);
            max-width: 90%;
            max-height: 90%;
            transition: transform 0.3s ease;
        }

        .modal.show .modal-content {
            transform: translate(-50%, -50%) scale(1);
        }
    </style>
    
127.0.0.1 - - [28/Jan/2025:14:12:43 +0000] "GET / HTTP/1.0" 500 144445 "-" "Mozilla/5.0 (Windows NT 10.0; Win64; x64) AppleWebKit/537.36 (KHTML, like Gecko) Chrome/133.0.0.0 Safari/537.36 Edg/133.0.0.0"
Not Found: /ecp/Current/exporttool/microsoft.exchange.ediscovery.exporttool.application
127.0.0.1 - - [28/Jan/2025:14:21:15 +0000] "GET /ecp/Current/exporttool/microsoft.exchange.ediscovery.exporttool.application HTTP/1.0" 404 10817 "-" "Mozilla/5.0 zgrab/0.x"
Not Found: /wp-admin/setup-config.php
127.0.0.1 - - [28/Jan/2025:14:23:01 +0000] "GET /wp-admin/setup-config.php HTTP/1.0" 404 10668 "-" "Mozilla/5.0 (Windows NT 10.0; Win64; x64) AppleWebKit/537.36 (KHTML, like Gecko) Chrome/131.0.0.0 Safari/537.36"
Not Found: /wp-admin/setup-config.php
127.0.0.1 - - [28/Jan/2025:14:24:49 +0000] "GET /wp-admin/setup-config.php HTTP/1.0" 404 10668 "-" "Mozilla/5.0 (Windows NT 10.0; Win64; x64) AppleWebKit/537.36 (KHTML, like Gecko) Chrome/131.0.0.0 Safari/537.36"
Not Found: /wordpress/wp-admin/setup-config.php
127.0.0.1 - - [28/Jan/2025:14:25:03 +0000] "GET /wordpress/wp-admin/setup-config.php HTTP/1.0" 404 10698 "-" "Mozilla/5.0 (Windows NT 10.0; Win64; x64) AppleWebKit/537.36 (KHTML, like Gecko) Chrome/131.0.0.0 Safari/537.36"
Not Found: /wordpress/wp-admin/setup-config.php
127.0.0.1 - - [28/Jan/2025:14:25:09 +0000] "GET /wordpress/wp-admin/setup-config.php HTTP/1.0" 404 10698 "-" "Mozilla/5.0 (Windows NT 10.0; Win64; x64) AppleWebKit/537.36 (KHTML, like Gecko) Chrome/131.0.0.0 Safari/537.36"
Not Found: /.env
127.0.0.1 - - [28/Jan/2025:14:38:02 +0000] "GET /.env HTTP/1.0" 404 10604 "-" "Mozilla/5.0 (Linux; Android 8.0.0; Lenovo K8 Note) AppleWebKit/537.36 (KHTML, like Gecko) Chrome/76.0.3809.111 Mobile Safari/537.36"
[2025-01-28 14:39:05 +0000] [57633] [INFO] Worker exiting (pid: 57633)
[2025-01-28 14:39:05 +0000] [57634] [INFO] Worker exiting (pid: 57634)
[2025-01-28 14:39:05 +0000] [57635] [INFO] Worker exiting (pid: 57635)
[2025-01-28 14:39:05 +0000] [57632] [INFO] Handling signal: term
[2025-01-28 14:39:05 +0000] [57632] [ERROR] Worker (pid:57633) was sent SIGTERM!
[2025-01-28 14:39:05 +0000] [57632] [ERROR] Worker (pid:57634) was sent SIGTERM!
[2025-01-28 14:39:05 +0000] [57632] [ERROR] Worker (pid:57635) was sent SIGTERM!
[2025-01-28 14:39:05 +0000] [57632] [INFO] Shutting down: Master
